<?xml version="1.0" encoding="UTF-8"?>
<!-- Generated by org.testng.reporters.JUnitXMLReporter -->
<testsuite ignored="0" hostname="LAPTOP-QD4098HC" failures="1" tests="3" name="Test" time="14.26" errors="0" timestamp="2021-04-27T23:32:40 IST">
  <testcase classname="interview.Testone" name="checkboxTest" time="1.06">
    <failure type="java.lang.AssertionError">
      <![CDATA[java.lang.AssertionError
at org.junit.Assert.fail(Assert.java:86)
at org.junit.Assert.assertTrue(Assert.java:41)
at org.junit.Assert.assertFalse(Assert.java:64)
at org.junit.Assert.assertFalse(Assert.java:74)
at interview.Testone.checkboxTest(Testone.java:84)
at java.base/java.util.ArrayList.forEach(ArrayList.java:1510)
... Removed 27 stack frames]]>
    </failure>
  </testcase> <!-- checkboxTest -->
  <testcase classname="interview.Testone" name="dropDownTest" time="0.674"/>
  <testcase classname="interview.Testone" name="firstTest" time="0.414"/>
</testsuite> <!-- Test -->
